<?xml version="1.0" encoding="UTF-8"?>
<testsuite name="org.serenity.framework.LoginTest" tests="1" skipped="0" failures="1" errors="0" timestamp="2022-06-26T18:44:22" hostname="Nareshs-MacBook-Pro.local" time="18.244">
  <properties/>
  <testcase name="accountCreation" classname="org.serenity.framework.LoginTest" time="18.244">
    <failure message="net.thucydides.core.webdriver.exceptions.ElementShouldBeEnabledException: Expected enabled element was not enabled&#10;Build info: version: '4.1.4', revision: '535d840ee2'&#10;System info: host: 'Nareshs-MacBook-Pro.local', ip: '2401:4900:1c0f:9212:4876:898b:6d9e:44f1%en0', os.name: 'Mac OS X', os.arch: 'x86_64', os.version: '10.16', java.version: '1.8.0_281'&#10;Driver info: driver.version: unknown" type="net.thucydides.core.webdriver.exceptions.ElementShouldBeEnabledException">net.thucydides.core.webdriver.exceptions.ElementShouldBeEnabledException: Expected enabled element was not enabled
Build info: version: '4.1.4', revision: '535d840ee2'
System info: host: 'Nareshs-MacBook-Pro.local', ip: '2401:4900:1c0f:9212:4876:898b:6d9e:44f1%en0', os.name: 'Mac OS X', os.arch: 'x86_64', os.version: '10.16', java.version: '1.8.0_281'
Driver info: driver.version: unknown
	at org.serenity.framework.pages.OpenNewAccountPage.openNewAccount(OpenNewAccountPage.java:17)
	at org.serenity.framework.step.OpenNewAccountSteps.userCreateNewAccount(OpenNewAccountSteps.java:15)
	at org.serenity.framework.LoginTest.accountCreation(LoginTest.java:46)
	at worker.org.gradle.process.internal.worker.GradleWorkerMain.run(GradleWorkerMain.java:69)
	at worker.org.gradle.process.internal.worker.GradleWorkerMain.main(GradleWorkerMain.java:74)
</failure>
  </testcase>
  <system-out><![CDATA[]]></system-out>
  <system-err><![CDATA[SLF4J: Failed to load class "org.slf4j.impl.StaticLoggerBinder".
SLF4J: Defaulting to no-operation (NOP) logger implementation
SLF4J: See http://www.slf4j.org/codes.html#StaticLoggerBinder for further details.
Starting ChromeDriver 102.0.5005.61 (0e59bcc00cc4985ce39ad31c150065f159d95ad3-refs/branch-heads/5005@{#819}) on port 57737
Only local connections are allowed.
Please see https://chromedriver.chromium.org/security-considerations for suggestions on keeping ChromeDriver safe.
ChromeDriver was started successfully.
Jun 27, 2022 12:14:26 AM org.openqa.selenium.remote.ProtocolHandshake createSession
INFO: Detected dialect: W3C
Jun 27, 2022 12:14:26 AM org.openqa.selenium.devtools.CdpVersionFinder findNearestMatch
WARNING: Unable to find an exact match for CDP version 102, so returning the closest version found: 101
Jun 27, 2022 12:14:26 AM org.openqa.selenium.devtools.CdpVersionFinder findNearestMatch
INFO: Found CDP implementation for version 102 of 101
]]></system-err>
</testsuite>
